<?xml version="1.0" encoding="UTF-8"?>
<!-- Generated by org.testng.reporters.JUnitXMLReporter -->
<testsuite ignored="0" hostname="DESKTOP-4RS0PP6" failures="0" tests="3" name="Test1" time="71.383" errors="0" timestamp="2025-03-21T23:10:07 IST">
  <testcase classname="CampaignTest.Createcampaign" name="createCampaignTest" time="24.253"/>
  <testcase classname="CampaignTest.Createcampaign" name="createCampaignWithDateTest" time="17.267"/>
  <testcase classname="ContactTest.CreateContact" name="CreateContactWithCampaignTest" time="29.775"/>
</testsuite> <!-- Test1 -->
