<?xml version="1.0" encoding="UTF-8"?>
<!-- Generated by org.testng.reporters.JUnitXMLReporter -->
<testsuite ignored="12" hostname="DESKTOP-4RS0PP6" failures="0" tests="5" name="Test" time="87.963" errors="0" timestamp="2025-04-04T21:00:10 IST">
  <testcase classname="ProductTest.CreateProductTest" name="addProductTest" time="14.08"/>
  <testcase classname="LoginTest.LoginTest" name="loginTest" time="7.063"/>
  <testcase classname="CampaignTest.CreatecampaignTest" name="createCampaignTest" time="12.51"/>
  <testcase classname="CampaignTest.CreatecampaignTest" name="createCampaignWithCloseDateTest" time="10.364"/>
  <testcase classname="ContactTest.CreateContactTest" name="CreateContactWithCampaignTest" time="20.661"/>
  <testcase classname="genericBaseClassUtility.BaseClass" name="@AfterTest aftetest" time="0.0">
    <ignored/>
  </testcase> <!-- @AfterTest aftetest -->
  <testcase classname="genericBaseClassUtility.BaseClass" name="@BeforeSuite beforesuite" time="0.0">
    <ignored/>
  </testcase> <!-- @BeforeSuite beforesuite -->
  <testcase classname="genericBaseClassUtility.BaseClass" name="@BeforeSuite beforesuite" time="0.0">
    <ignored/>
  </testcase> <!-- @BeforeSuite beforesuite -->
  <testcase classname="genericBaseClassUtility.BaseClass" name="@BeforeTest beforeTest" time="0.0">
    <ignored/>
  </testcase> <!-- @BeforeTest beforeTest -->
  <testcase classname="genericBaseClassUtility.BaseClass" name="@BeforeTest beforeTest" time="0.0">
    <ignored/>
  </testcase> <!-- @BeforeTest beforeTest -->
  <testcase classname="genericBaseClassUtility.BaseClass" name="@AfterTest aftetest" time="0.0">
    <ignored/>
  </testcase> <!-- @AfterTest aftetest -->
  <testcase classname="genericBaseClassUtility.BaseClass" name="@AfterSuite aftersuite" time="0.0">
    <ignored/>
  </testcase> <!-- @AfterSuite aftersuite -->
  <testcase classname="genericBaseClassUtility.BaseClass" name="@AfterSuite aftersuite" time="0.0">
    <ignored/>
  </testcase> <!-- @AfterSuite aftersuite -->
  <testcase classname="genericBaseClassUtility.BaseClass" name="@AfterSuite aftersuite" time="0.0">
    <ignored/>
  </testcase> <!-- @AfterSuite aftersuite -->
  <testcase classname="genericBaseClassUtility.BaseClass" name="@BeforeSuite beforesuite" time="0.0">
    <ignored/>
  </testcase> <!-- @BeforeSuite beforesuite -->
  <testcase classname="genericBaseClassUtility.BaseClass" name="@BeforeTest beforeTest" time="0.0">
    <ignored/>
  </testcase> <!-- @BeforeTest beforeTest -->
  <testcase classname="genericBaseClassUtility.BaseClass" name="@AfterTest aftetest" time="0.0">
    <ignored/>
  </testcase> <!-- @AfterTest aftetest -->
</testsuite> <!-- Test -->
