<?xml version="1.0" encoding="UTF-8"?>
<!-- Generated by org.testng.reporters.JUnitXMLReporter -->
<testsuite ignored="0" hostname="DESKTOP-4RS0PP6" failures="0" tests="5" name="Test_edge" time="104.757" errors="0" timestamp="2025-03-21T23:22:59 IST">
  <testcase classname="ProductTest.CreateProduct" name="createProductTest" time="24.419"/>
  <testcase classname="Login.Login" name="loginTest" time="13.93"/>
  <testcase classname="CampaignTest.Createcampaign" name="createCampaignTest" time="19.087"/>
  <testcase classname="CampaignTest.Createcampaign" name="createCampaignWithDateTest" time="17.023"/>
  <testcase classname="ContactTest.CreateContact" name="CreateContactWithCampaignTest" time="30.201"/>
</testsuite> <!-- Test_edge -->
