<?xml version="1.0" encoding="UTF-8"?>
<testng-results ignored="0" total="1" passed="1" failed="0" skipped="0">
  <reporter-output>
    <line>
      <![CDATA[Validation is passed]]>
    </line>
  </reporter-output>
  <suite started-at="2025-04-04T20:51:43 IST" name="Default suite" finished-at="2025-04-04T20:51:54 IST" duration-ms="10945">
    <groups>
    </groups>
    <test started-at="2025-04-04T20:51:43 IST" name="Default test" finished-at="2025-04-04T20:51:54 IST" duration-ms="10945">
      <class name="LoginTest.LoginTest">
        <test-method is-config="true" signature="beforesuite()[pri:0, instance:LoginTest.LoginTest@dd05255]" started-at="2025-04-04T20:51:43 IST" name="beforesuite" finished-at="2025-04-04T20:51:43 IST" duration-ms="418" status="PASS">
          <reporter-output>
          </reporter-output>
        </test-method> <!-- beforesuite -->
        <test-method is-config="true" signature="beforeTest()[pri:0, instance:LoginTest.LoginTest@dd05255]" started-at="2025-04-04T20:51:43 IST" name="beforeTest" finished-at="2025-04-04T20:51:43 IST" duration-ms="1" status="PASS">
          <reporter-output>
          </reporter-output>
        </test-method> <!-- beforeTest -->
        <test-method is-config="true" signature="beforeclass()[pri:0, instance:LoginTest.LoginTest@dd05255]" started-at="2025-04-04T20:51:43 IST" name="beforeclass" finished-at="2025-04-04T20:51:45 IST" duration-ms="1285" status="PASS">
          <reporter-output>
          </reporter-output>
        </test-method> <!-- beforeclass -->
        <test-method is-config="true" signature="beforemethod()[pri:0, instance:LoginTest.LoginTest@dd05255]" started-at="2025-04-04T20:51:45 IST" name="beforemethod" finished-at="2025-04-04T20:51:47 IST" duration-ms="2360" status="PASS">
          <reporter-output>
          </reporter-output>
        </test-method> <!-- beforemethod -->
        <test-method signature="loginTest()[pri:0, instance:LoginTest.LoginTest@dd05255]" started-at="2025-04-04T20:51:47 IST" name="loginTest" finished-at="2025-04-04T20:51:54 IST" duration-ms="7084" status="PASS">
          <reporter-output>
            <line>
              <![CDATA[Validation is passed]]>
            </line>
          </reporter-output>
        </test-method> <!-- loginTest -->
        <test-method is-config="true" signature="aftermthod()[pri:0, instance:LoginTest.LoginTest@dd05255]" started-at="2025-04-04T20:51:54 IST" name="aftermthod" finished-at="2025-04-04T20:51:54 IST" duration-ms="65" status="PASS">
          <reporter-output>
          </reporter-output>
        </test-method> <!-- aftermthod -->
        <test-method is-config="true" signature="afterclass()[pri:0, instance:LoginTest.LoginTest@dd05255]" started-at="2025-04-04T20:51:54 IST" name="afterclass" finished-at="2025-04-04T20:51:54 IST" duration-ms="115" status="PASS">
          <reporter-output>
          </reporter-output>
        </test-method> <!-- afterclass -->
        <test-method is-config="true" signature="aftetest()[pri:0, instance:LoginTest.LoginTest@dd05255]" started-at="2025-04-04T20:51:54 IST" name="aftetest" finished-at="2025-04-04T20:51:54 IST" duration-ms="1" status="PASS">
          <reporter-output>
          </reporter-output>
        </test-method> <!-- aftetest -->
        <test-method is-config="true" signature="aftersuite()[pri:0, instance:LoginTest.LoginTest@dd05255]" started-at="2025-04-04T20:51:54 IST" name="aftersuite" finished-at="2025-04-04T20:51:54 IST" duration-ms="3" status="PASS">
          <reporter-output>
          </reporter-output>
        </test-method> <!-- aftersuite -->
      </class> <!-- LoginTest.LoginTest -->
    </test> <!-- Default test -->
  </suite> <!-- Default suite -->
</testng-results>
